Session started: Tue Feb  3 22:50:43 IST 2026
[2026-02-03 22:51:20] Session started
Session started: Tue Feb  3 22:51:20 IST 2026
[2026-02-03 22:51:20] Session ended
[2026-02-03 22:52:20] Session started
Session started: Tue Feb  3 22:52:20 IST 2026
[2026-02-03 22:52:24] Session ended
Session started: Wed Feb 11 18:39:07 IST 2026
[2026-02-11 18:39:07] Session started
Session started: Wed Feb 11 18:39:23 IST 2026
[2026-02-11 18:39:23] Session started
Session started: Wed Feb 11 18:39:36 IST 2026
[2026-02-11 18:39:36] Session started
Session started: Wed Feb 11 18:40:21 IST 2026
[2026-02-11 18:40:21] Session started
Session started: Wed Feb 11 18:40:48 IST 2026
[2026-02-11 18:40:48] Session started
Session started: Wed Feb 11 18:57:55 IST 2026
[2026-02-11 18:57:55] Session started
Session started: Wed Feb 11 20:20:53 IST 2026
[2026-02-11 20:20:53] Session started
[2026-02-12 13:41:57] Session started
Session started: Thu Feb 12 13:41:57 IST 2026
[2026-02-12 13:42:13] Session ended
[2026-02-13 17:32:14] Session started
[2026-02-21 14:07:18] Session started
Session started: Sat Feb 21 14:07:18 UTC 2026
